"../../../Engine/Content/Tutorial/SubEditors/TutorialAssets/T_soft_smoke.uasset" 0
"../../../Engine/Content/Tutorial/SubEditors/TutorialAssets/T_SmokeSubUV_8X8.uasset" 1
"../../../Engine/Content/Tutorial/SubEditors/TutorialAssets/M_smoke_subUV_blackbody.uasset" 2
"../../../Engine/Content/Tutorial/SubEditors/TutorialAssets/TutorialParticleSystem.uasset" 3
"../../../Engine/Content/EditorMaterials/WidgetMaterial_Z.uasset" 4
"../../../../../../UE4project/SpaceShipWar/Content/SpaceshipBattle/Content/SpaceshipBattle/Meshes/SM_Ship_01.uasset" 5
"../../../../../../UE4project/SpaceShipWar/Content/Sound/Shoot.uasset" 6
"../../../../../../UE4project/SpaceShipWar/Content/SpaceshipBattle/Content/Sound/Shoot_Cue.uasset" 7
"../../../../../../UE4project/SpaceShipWar/Content/Sound/GameOver.uasset" 8
"../../../../../../UE4project/SpaceShipWar/Content/SpaceshipBattle/Content/Sound/GameOver_Cue.uasset" 9
"../../../Engine/Content/Functions/Engine_MaterialFunctions01/Opacity/CameraDepthFade.uasset" 10
"../../../Engine/Content/VREditor/LaserPointer/M_LaserPointer-Core.uasset" 11
"../../../../../../UE4project/SpaceShipWar/Content/ParticleSystem/PS_Thruster.uasset" 12
"../../../../../../UE4project/SpaceShipWar/Content/Blueprints/WBP_Score.uasset" 13
"../../../../../../UE4project/SpaceShipWar/Content/SpaceshipBattle/Content/SpaceshipBattle/Meshes/SM_Bullet.uasset" 14
"../../../Engine/Content/VREditor/UI/ArrowMaterial.uasset" 15
"../../../../../../UE4project/SpaceShipWar/Content/Blueprints/BP_Bullet.uasset" 16
"../../../../../../UE4project/SpaceShipWar/Content/Blueprints/BP_SpaceShip.uasset" 17
"../../../../../../UE4project/SpaceShipWar/Content/Blueprints/BP_GameModel.uasset" 18
"../../../Engine/Content/Functions/Engine_MaterialFunctions01/Shading/ConvertFromDiffSpec.uasset" 19
"../../../Engine/Content/EditorMaterials/Utilities/LinearColorPicker_MAT.uasset" 20
"../../../Engine/Content/EditorMaterials/Utilities/LinearColorPicker_MATInst.uasset" 21
"../../../../../../UE4project/SpaceShipWar/Content/ParticleSystem/PS_Explosion.uasset" 22
"../../../../../../UE4project/SpaceShipWar/Content/SpaceshipBattle/Content/Maps/MainMap_BuiltData.uasset" 23
"../../../../../../UE4project/SpaceShipWar/Content/SpaceshipBattle/Content/ParticleSystem/PS_Explosion.uasset" 24
"../../../../../../UE4project/SpaceShipWar/Content/SpaceshipBattle/Content/ParticleSystem/PS_Thruster.uasset" 25
"../../../../../../UE4project/SpaceShipWar/Content/SpaceshipBattle/Content/Sound/BGM.uasset" 26
"../../../../../../UE4project/SpaceShipWar/Content/SpaceshipBattle/Content/Sound/GameOver.uasset" 27
"../../../../../../UE4project/SpaceShipWar/Content/SpaceshipBattle/Content/Sound/Shoot.uasset" 28
"../../../../../../UE4project/SpaceShipWar/Content/SpaceshipBattle/Content/SpaceshipBattle/Materials/MI_Bullet.uasset" 29
"../../../../../../UE4project/SpaceShipWar/Content/SpaceshipBattle/Content/SpaceshipBattle/Materials/MI_Ground.uasset" 30
"../../../../../../UE4project/SpaceShipWar/Content/SpaceshipBattle/Content/SpaceshipBattle/Materials/MI_Ship_Player.uasset" 31
"../../../Engine/Content/Functions/Engine_MaterialFunctions01/Coordinates/WorldPosition-XY.uasset" 32
"../../../../../../UE4project/SpaceShipWar/Content/SpaceshipBattle/Content/SpaceshipBattle/Materials/M_Ground.uasset" 33
"../../../../../../UE4project/SpaceShipWar/Content/SpaceshipBattle/Content/SpaceshipBattle/Materials/M_Particle.uasset" 34
"../../../../../../UE4project/SpaceShipWar/Content/SpaceshipBattle/Content/SpaceshipBattle/Textures/T_Circle.uasset" 35
"../../../../../../UE4project/SpaceShipWar/Content/SpaceshipBattle/Content/SpaceshipBattle/Textures/T_Grid.uasset" 36
"../../../Engine/Content/EngineMaterials/T_Default_Material_Grid_N.uasset" 37
"../../../Engine/Content/EngineMaterials/T_Default_Material_Grid_M.uasset" 38
"../../../Engine/Content/EngineMaterials/WorldGridMaterial.uasset" 39
"../../../Engine/Content/ArtTools/RenderToTexture/Meshes/S_1_Unit_Plane.uasset" 40
"../../../Engine/Content/EngineMaterials/DefaultMaterial.uasset" 41
"../../../Engine/Content/BasicShapes/Cone.uasset" 42
"../../../Engine/Content/BasicShapes/Plane.uasset" 43
"../../../Engine/Content/BasicShapes/Sphere.uasset" 44
"../../../Engine/Content/EditorLandscapeResources/DataLayer.uasset" 45
"../../../Engine/Content/EditorLandscapeResources/DefaultAlphaTexture.uasset" 46
"../../../Engine/Content/EditorMaterials/MAT_Groups_Toggle.uasset" 47
"../../../Engine/Content/EditorMaterials/MAT_Groups_Visibility.uasset" 48
"../../../Engine/Content/EditorMaterials/PreviewShadowIndicator.uasset" 49
"../../../Engine/Content/EditorMaterials/PreviewShadowIndicatorMaterial.uasset" 50
"../../../Engine/Content/EditorMaterials/MatineeGroups/MAT_ColorTrack.uasset" 51
"../../../Engine/Content/EditorMaterials/MatineeGroups/MAT_Groups_Anim.uasset" 52
"../../../Engine/Content/EditorMaterials/MatineeGroups/MAT_Groups_AudioMaster.uasset" 53
"../../../Engine/Content/EditorMaterials/MatineeGroups/MAT_Groups_Director.uasset" 54
"../../../Engine/Content/EditorMaterials/MatineeGroups/MAT_Groups_Event.uasset" 55
"../../../Engine/Content/EditorMaterials/MatineeGroups/MAT_Groups_Fade.uasset" 56
"../../../Engine/Content/EditorMaterials/MatineeGroups/MAT_Groups_Float.uasset" 57
"../../../Engine/Content/EditorMaterials/MatineeGroups/MAT_Groups_Move.uasset" 58
"../../../Engine/Content/EditorMaterials/MatineeGroups/MAT_Groups_Slomo.uasset" 59
"../../../Engine/Content/EditorMaterials/MatineeGroups/MAT_Groups_Sound.uasset" 60
"../../../Engine/Content/EditorMaterials/MatineeGroups/MAT_Groups_Vector.uasset" 61
"../../../Engine/Content/EditorMaterials/ParticleSystems/PSysThumbnail_NoImage.uasset" 62
"../../../Engine/Content/EditorMaterials/ParticleSystems/PSysThumbnail_OOD.uasset" 63
"../../../Engine/Content/EditorMaterials/Camera/CineMat.uasset" 64
"../../../Engine/Content/EditorMaterials/Camera/MI_CineMat_Rig.uasset" 65
"../../../Engine/Content/EditorMeshes/Camera/SM_CraneRig_Arm.uasset" 66
"../../../Engine/Content/EditorMeshes/Camera/SM_CraneRig_Base.uasset" 67
"../../../Engine/Content/EditorMeshes/Camera/SM_CraneRig_Body.uasset" 68
"../../../Engine/Content/EditorMeshes/Camera/SM_CraneRig_Mount.uasset" 69
"../../../Engine/Content/EditorMeshes/Camera/SM_RailRig_Mount.uasset" 70
"../../../Engine/Content/EditorMeshes/Camera/SM_RailRig_Track.uasset" 71
"../../../Engine/Content/EditorResources/BSPVertex.uasset" 72
"../../../Engine/Content/EditorResources/EmptyActor.uasset" 73
"../../../Engine/Content/EditorResources/S_Actor.uasset" 74
"../../../Engine/Content/EditorResources/S_Note.uasset" 75
"../../../Engine/Content/EditorResources/S_Solver.uasset" 76
"../../../Engine/Content/EditorResources/S_Terrain.uasset" 77
"../../../Engine/Content/EditorResources/S_Trigger.uasset" 78
"../../../Engine/Content/EditorResources/AudioIcons/S_AudioComponent_AutoActivate.uasset" 79
"../../../Engine/Content/EditorResources/LightIcons/S_LightError.uasset" 80
"../../../Engine/Content/EditorResources/SequenceRecorder/Countdown.uasset" 81
"../../../Engine/Content/EditorResources/SequenceRecorder/RecordingIndicator.uasset" 82
"../../../Engine/Content/EngineDamageTypes/DmgTypeBP_Environmental.uasset" 83
"../../../Engine/Content/EngineDebugMaterials/DebugEditorMaterial.uasset" 84
"../../../Engine/Content/EngineDebugMaterials/DebugMeshMaterial.uasset" 85
"../../../Engine/Content/EngineDebugMaterials/M_SimpleUnlitTranslucent.uasset" 86
"../../../Engine/Content/EngineDebugMaterials/VolumeToRender.uasset" 87
"../../../Engine/Content/Functions/Engine_MaterialFunctions02/Utility/CameraDirectionVector.uasset" 88
"../../../Engine/Content/EngineDebugMaterials/M_VolumeRenderSphereTracePP.uasset" 89
"../../../Engine/Content/EngineDebugMaterials/VertexColorMaterial.uasset" 90
"../../../Engine/Content/EngineDebugMaterials/WireframeMaterial.uasset" 91
"../../../Engine/Content/EngineFonts/Faces/RobotoRegular.uasset" 92
"../../../Engine/Content/EngineFonts/Faces/RobotoLight.uasset" 93
"../../../Engine/Content/EngineFonts/Faces/RobotoItalic.uasset" 94
"../../../Engine/Content/EngineFonts/Faces/RobotoBoldItalic.uasset" 95
"../../../Engine/Content/EngineFonts/Faces/RobotoBold.uasset" 96
"../../../Engine/Content/EngineFonts/Faces/DroidSansFallback.uasset" 97
"../../../Engine/Content/EngineFonts/Roboto.uasset" 98
"../../../Engine/Content/EngineMaterials/BaseFlattenNormalMap.uasset" 99
"../../../Engine/Content/EngineMaterials/BaseFlattenGrayscaleMap.uasset" 100
"../../../Engine/Content/EngineMaterials/BaseFlattenEmissiveMap.uasset" 101
"../../../Engine/Content/EngineMaterials/BaseFlattenDiffuseMap.uasset" 102
"../../../Engine/Content/EngineMaterials/BaseFlattenMaterial.uasset" 103
"../../../Engine/Content/EngineMaterials/BlueNoise.uasset" 104
"../../../Engine/Content/EngineMaterials/DefaultBloomKernel.uasset" 105
"../../../Engine/Content/EngineMaterials/DefaultBokeh.uasset" 106
"../../../Engine/Content/EngineMaterials/DefaultDiffuse.uasset" 107
"../../../Engine/Content/EngineMaterials/DefaultDeferredDecalMaterial.uasset" 108
"../../../Engine/Content/EngineMaterials/DefaultLightFunctionMaterial.uasset" 109
"../../../Engine/Content/EngineMaterials/DefaultPhysicalMaterial.uasset" 110
"../../../Engine/Content/Functions/Engine_MaterialFunctions02/Utility/BreakOutFloat2Components.uasset" 111
"../../../Engine/Content/EngineMaterials/DefaultPostProcessMaterial.uasset" 112
"../../../Engine/Content/EngineFonts/RobotoDistanceField.uasset" 113
"../../../Engine/Content/EngineMaterials/DefaultTextMaterialOpaque.uasset" 114
"../../../Engine/Content/EngineMaterials/DefaultWhiteGrid.uasset" 115
"../../../Engine/Content/EngineMaterials/DefaultWhiteGrid_Low.uasset" 116
"../../../Engine/Content/EngineMaterials/EmissiveMeshMaterial.uasset" 117
"../../../Engine/Content/EngineMaterials/GizmoMaterial.uasset" 118
"../../../Engine/Content/EngineMaterials/Good64x64TilingNoiseHighFreq.uasset" 119
"../../../Engine/Content/EngineMaterials/MiniFont.uasset" 120
"../../../Engine/Content/EngineMaterials/InvalidLightmapSettings.uasset" 121
"../../../Engine/Content/EngineMaterials/M_InvalidLightmapSettings.uasset" 122
"../../../Engine/Content/Functions/Engine_MaterialFunctions02/WorldPositionOffset/CameraOffset.uasset" 123
"../../../Engine/Content/EngineMaterials/PhAT_JointLimitMaterial.uasset" 124
"../../../Engine/Content/EngineMaterials/PreintegratedSkinBRDF.uasset" 125
"../../../Engine/Content/EngineMaterials/RemoveSurfaceMaterial.uasset" 126
"../../../Engine/Content/EngineMaterials/WeightMapPlaceholderTexture.uasset" 127
"../../../Engine/Content/EngineResources/WhiteSquareTexture.uasset" 128
"../../../Engine/Content/EngineMaterials/Widget3DPassThrough.uasset" 129
"../../../Engine/Content/EngineMaterials/Widget3DPassThrough_Masked.uasset" 130
"../../../Engine/Content/EngineMaterials/Widget3DPassThrough_Opaque.uasset" 131
"../../../Engine/Content/EngineMaterials/Widget3DPassThrough_Masked_OneSided.uasset" 132
"../../../Engine/Content/EngineMaterials/Widget3DPassThrough_Opaque_OneSided.uasset" 133
"../../../Engine/Content/EngineMaterials/Widget3DPassThrough_Translucent.uasset" 134
"../../../Engine/Content/EngineMaterials/Widget3DPassThrough_Translucent_OneSided.uasset" 135
"../../../Engine/Content/EngineMeshes/Cylinder.uasset" 136
"../../../Engine/Content/EngineMeshes/Sphere.uasset" 137
"../../../Engine/Content/EngineResources/Black.uasset" 138
"../../../Engine/Content/EngineResources/DefaultTextureCube.uasset" 139
"../../../Engine/Content/EngineResources/DefaultVolumeTexture2D.uasset" 140
"../../../Engine/Content/EngineResources/DefaultVolumeTexture.uasset" 141
"../../../Engine/Content/EngineResources/GradientTexture0.uasset" 142
"../../../Engine/Content/EngineSky/VolumetricClouds/T_NoiseShape64.uasset" 143
"../../../Engine/Content/EngineSky/VolumetricClouds/T_VolumeNoiseShape64.uasset" 144
"../../../Engine/Content/EngineSky/VolumetricClouds/T_NoiseErosion.uasset" 145
"../../../Engine/Content/EngineSky/VolumetricClouds/T_VolumeNoiseErosion32.uasset" 146
"../../../Engine/Content/EngineSky/VolumetricClouds/CloudWeatherTexture.uasset" 147
"../../../Engine/Content/EngineSky/VolumetricClouds/CloudGradientTexture.uasset" 148
"../../../Engine/Content/Functions/Engine_MaterialFunctions02/Utility/MakeFloat2.uasset" 149
"../../../Engine/Content/EngineSky/VolumetricClouds/m_SimpleVolumetricCloud.uasset" 150
"../../../Engine/Content/EngineSky/VolumetricClouds/m_SimpleVolumetricCloud_Inst.uasset" 151
"../../../Engine/Content/EngineSounds/Master.uasset" 152
"../../../Engine/Content/Functions/Engine_MaterialFunctions01/Shading/PowerToRoughness.uasset" 153
"../../../Engine/Content/Maps/Templates/Thumbnails/Default.uasset" 154
"../../../Engine/Content/Maps/Templates/Thumbnails/TimeOfDay.uasset" 155
"../../../Engine/Content/Maps/Templates/Thumbnails/VR-Basic.uasset" 156
"../../../Engine/Content/MobileResources/T_MobileControls_texture.uasset" 157
"../../../Engine/Content/MobileResources/T_MobileMenu2.uasset" 158
"../../../Engine/Content/MobileResources/HUD/AnalogHat.uasset" 159
"../../../Engine/Content/MobileResources/HUD/VirtualJoystick_Thumb.uasset" 160
"../../../Engine/Content/MobileResources/HUD/VirtualJoystick_Background.uasset" 161
"../../../Engine/Content/MobileResources/HUD/DefaultVirtualJoysticks.uasset" 162
"../../../Engine/Content/MobileResources/HUD/LeftVirtualJoystickOnly.uasset" 163
"../../../Engine/Content/MobileResources/HUD/MobileHUDButton1_off.uasset" 164
"../../../Engine/Content/MobileResources/HUD/MobileHUDButton1_on.uasset" 165
"../../../Engine/Content/MobileResources/HUD/MobileHUDButton2_off.uasset" 166
"../../../Engine/Content/MobileResources/HUD/MobileHUDButton2_on.uasset" 167
"../../../Engine/Content/MobileResources/HUD/MobileHUDButton3.uasset" 168
"../../../Engine/Content/MobileResources/HUD/MobileHUDButtonFire.uasset" 169
"../../../Engine/Content/MobileResources/HUD/MobileHUDDirectionPad.uasset" 170
"../../../Engine/Content/MobileResources/HUD/MobileHUDDirectionPad2.uasset" 171
"../../../Engine/Content/MobileResources/HUD/MobileHUDDirectionPad3.uasset" 172
"../../../Engine/Content/MobileResources/HUD/MobileHUDDirectionStick.uasset" 173
"../../../Engine/Content/MobileResources/HUD/T_Castle_ThumbstickInner.uasset" 174
"../../../Engine/Content/MobileResources/HUD/T_Castle_ThumbstickOutter.uasset" 175
"../../../Engine/Content/Tutorial/ContentIntroCurve.uasset" 176
"../../../Engine/Content/Tutorial/Basics/LevelEditorAttract.uasset" 177
"../../../Engine/Content/Tutorial/Basics/TutorialAssets/icon_tab_Levels_40x.uasset" 178
"../../../Engine/Content/Tutorial/Basics/LevelEditorOverview.uasset" 179
"../../../Engine/Content/VREditor/TransformGizmo/TranslucentTransformGizmoMaterial.uasset" 180
"../../../Engine/Content/VREditor/LaserPointer/VR_LaserPower_01.uasset" 181
"../../../Engine/Content/VREditor/TransformGizmo/TransformGizmoMaterial.uasset" 182
"../../../Engine/Content/VREditor/TransformGizmo/BoundingBoxCorner.uasset" 183
"../../../Engine/Content/VREditor/TransformGizmo/BoundingBoxEdge.uasset" 184
"../../../Engine/Content/VREditor/TransformGizmo/PlaneTranslationHandle.uasset" 185
"../../../Engine/Content/VREditor/TransformGizmo/Main.uasset" 186
"../../../Engine/Content/VREditor/TransformGizmo/Xray.uasset" 187
"../../../Engine/Content/VREditor/TransformGizmo/SM_Sequencer_Key.uasset" 188
"../../../Engine/Content/VREditor/TransformGizmo/SM_Sequencer_Node.uasset" 189
"../../Plugins/2D/Paper2D/Content/PlaceholderTextures/DummySpriteTexture.uasset" 190
"../../Plugins/2D/Paper2D/Content/DummySprite.uasset" 191
"../../Plugins/2D/Paper2D/Content/DefaultPaperTerrainMaterial.uasset" 192
"../../Plugins/2D/Paper2D/Content/DefaultSpriteMaterial.uasset" 193
"../../Plugins/2D/Paper2D/Content/MaskedUnlitSpriteMaterial.uasset" 194
"../../Plugins/2D/Paper2D/Content/OpaqueUnlitSpriteMaterial.uasset" 195
"../../../Engine/Content/Functions/Engine_MaterialFunctions02/Utility/BreakOutFloat3Components.uasset" 196
"../../Plugins/Editor/SpeedTreeImporter/Content/SpeedTree9/UnpackInteger3.uasset" 197
"../../Plugins/Editor/SpeedTreeImporter/Content/SpeedTree9/UnpackDirection.uasset" 198
"../../Plugins/Editor/SpeedTreeImporter/Content/SpeedTree9/game_wind_noise.uasset" 199
"../../../Engine/Content/Functions/Engine_MaterialFunctions02/SafeNormalize.uasset" 200
"../../Plugins/Editor/SpeedTreeImporter/Content/SpeedTree9/SpeedTreeWindMotion.uasset" 201
"../../Plugins/Editor/SpeedTreeImporter/Content/SpeedTree9/SpeedTreeBranchMotion.uasset" 202
"../../../Engine/Content/Functions/Engine_MaterialFunctions02/ObjectLocalBounds.uasset" 203
"../../../Engine/Content/Functions/Engine_MaterialFunctions02/UVs/BoundingBoxBased_0-1_UVW.uasset" 204
"../../Plugins/Editor/SpeedTreeImporter/Content/SpeedTree9/SpeedTreeWind.uasset" 205
"../../Plugins/Editor/SpeedTreeImporter/Content/SpeedTree9/SpeedTreeBillboard.uasset" 206
"../../../Engine/Content/EngineResources/DefaultTexture.uasset" 207
"../../Plugins/Editor/SpeedTreeImporter/Content/SpeedTree9/SpeedTreeBillboardMaster.uasset" 208
"../../Plugins/Editor/SpeedTreeImporter/Content/SpeedTree9/SpeedTreeCameraFacing.uasset" 209
"../../Plugins/Editor/SpeedTreeImporter/Content/SpeedTree9/SpeedTreeMaster.uasset" 210
"../../../Engine/Content/BasicShapes/Cylinder.uasset" 211
"../../../Engine/Content/ArtTools/RenderToTexture/Materials/Debug/M_Emissive_Color.uasset" 212
"../../Plugins/Lumin/MagicLeapPassableWorld/Content/MagicLeapARPinInfoActor.uasset" 213
"../../../Engine/Content/Functions/Engine_MaterialFunctions02/Utility/BreakOutFloat4Components.uasset" 214
"../../../Engine/Content/Functions/Engine_MaterialFunctions02/Utility/MakeFloat3.uasset" 215
"../../Plugins/Runtime/Oculus/OculusVR/Content/Materials/OculusMR_ChromaKey.uasset" 216
"../../Plugins/Runtime/Oculus/OculusVR/Content/Materials/OculusMR_OpaqueColoredMaterial.uasset" 217
"../../Plugins/Runtime/Oculus/OculusVR/Content/Materials/PokeAHoleMaterial.uasset" 218
"../../../../../../UE4project/SpaceShipWar/Content/Sound/BGM.uasset" 219
"../../../Engine/Content/MapTemplates/SM_Template_Map_Floor.uasset" 220
"../../../Engine/Content/EngineSky/T_Sky_Stars.uasset" 221
"../../../Engine/Content/EngineSky/T_Sky_Clouds_M.uasset" 222
"../../../Engine/Content/EngineSky/T_Sky_Blue.uasset" 223
"../../../Engine/Content/BasicShapes/Cube.uasset" 224
"../../../Engine/Content/EditorShellMaterials/T_BaseOverlay.uasset" 225
"../../../Engine/Content/EditorShellMaterials/T_Base.uasset" 226
"../../../Engine/Content/EditorShellMaterials/M_ShellMaster.uasset" 227
"../../../Engine/Content/EditorShellMaterials/WorldUVs/MI_Shell_64_WUV.uasset" 228
"../../../../../../UE4project/SpaceShipWar/Content/SpaceshipBattle/Content/SpaceshipBattle/Materials/M_Wall.uasset" 229
"../../../Engine/Content/EngineSky/M_Sky_Panning_Clouds2.uasset" 230
"../../../Engine/Content/EngineSky/SM_SkySphere.uasset" 231
"../../../Engine/Content/EngineSky/C_Sky_Zenith_Color.uasset" 232
"../../../Engine/Content/EngineSky/C_Sky_Horizon_Color.uasset" 233
"../../../Engine/Content/EngineSky/C_Sky_Cloud_Color.uasset" 234
"../../../Engine/Content/EditorBlueprintResources/StandardMacros.uasset" 235
"../../../Engine/Content/EngineSky/BP_Sky_Sphere.uasset" 236
"../../../../../../UE4project/SpaceShipWar/Content/SpaceshipBattle/Content/SpaceshipBattle/Meshes/SM_Ship_02.uasset" 237
"../../../../../../UE4project/SpaceShipWar/Content/SpaceshipBattle/Content/SpaceshipBattle/Materials/M_Base_Ship.uasset" 238
"../../../../../../UE4project/SpaceShipWar/Content/Blueprints/BP_Enemy.uasset" 239
"../../../../../../UE4project/SpaceShipWar/Content/Blueprints/BP_EnemySpawener.uasset" 240
"../../../../../../UE4project/SpaceShipWar/Content/Maps/MainMap_BuiltData.uasset" 241
"../../../../../../UE4project/SpaceShipWar/Content/Maps/MainMap.umap" 242
"../../../../../../UE4project/SpaceShipWar/Content/SpaceshipBattle/Content/Maps/MainMap.umap" 243
"../../../Engine/Content/Maps/Entry_BuiltData.uasset" 244
"../../../Engine/Content/Maps/Entry.umap" 245
